nohup: ignoring input
Traceback (most recent call last):
  File "/home/work/anaconda3/envs/py3.7/bin/fairseq-train", line 33, in <module>
    sys.exit(load_entry_point('fairseq', 'console_scripts', 'fairseq-train')())
  File "/home/work/anaconda3/envs/py3.7/lib/python3.7/site-packages/pkg_resources/__init__.py", line 474, in load_entry_point
    return get_distribution(dist).load_entry_point(group, name)
  File "/home/work/anaconda3/envs/py3.7/lib/python3.7/site-packages/pkg_resources/__init__.py", line 2846, in load_entry_point
    return ep.load()
  File "/home/work/anaconda3/envs/py3.7/lib/python3.7/site-packages/pkg_resources/__init__.py", line 2450, in load
    return self.resolve()
  File "/home/work/anaconda3/envs/py3.7/lib/python3.7/site-packages/pkg_resources/__init__.py", line 2456, in resolve
    module = __import__(self.module_name, fromlist=['__name__'], level=0)
  File "/home/work/xiaoyu/fairseq/fairseq_cli/train.py", line 19, in <module>
    from fairseq import (
  File "/home/work/xiaoyu/fairseq/fairseq/__init__.py", line 32, in <module>
    import fairseq.criterions  # noqa
  File "/home/work/xiaoyu/fairseq/fairseq/criterions/__init__.py", line 36, in <module>
    importlib.import_module("fairseq.criterions." + file_name)
  File "/home/work/anaconda3/envs/py3.7/lib/python3.7/importlib/__init__.py", line 127, in import_module
    return _bootstrap._gcd_import(name[level:], package, level)
  File "/home/work/xiaoyu/fairseq/fairseq/criterions/ctc.py", line 19, in <module>
    from fairseq.tasks import FairseqTask
  File "/home/work/xiaoyu/fairseq/fairseq/tasks/__init__.py", line 116, in <module>
    module = importlib.import_module("fairseq.tasks." + task_name)
  File "/home/work/anaconda3/envs/py3.7/lib/python3.7/importlib/__init__.py", line 127, in import_module
    return _bootstrap._gcd_import(name[level:], package, level)
  File "/home/work/xiaoyu/fairseq/fairseq/tasks/multilingual_translation.py", line 19, in <module>
    from fairseq.models import FairseqMultiModel
  File "/home/work/xiaoyu/fairseq/fairseq/models/__init__.py", line 16, in <module>
    from .distributed_fairseq_model import DistributedFairseqModel
  File "/home/work/xiaoyu/fairseq/fairseq/models/distributed_fairseq_model.py", line 21, in <module>
    from torch.distributed.algorithms.ddp_comm_hooks import register_ddp_comm_hook, DDPCommHookType
ModuleNotFoundError: No module named 'torch.distributed.algorithms'
