nohup: ignoring input
Traceback (most recent call last):
  File "/home/work/anaconda3/envs/py3.6/bin/fairseq-generate", line 33, in <module>
    sys.exit(load_entry_point('fairseq', 'console_scripts', 'fairseq-generate')())
  File "/home/work/xiaoyu/fairseq/fairseq_cli/generate.py", line 404, in cli_main
    main(args)
  File "/home/work/xiaoyu/fairseq/fairseq_cli/generate.py", line 49, in main
    return _main(cfg, sys.stdout)
  File "/home/work/xiaoyu/fairseq/fairseq_cli/generate.py", line 106, in _main
    task.load_dataset(cfg.dataset.gen_subset, task_cfg=saved_cfg.task)
  File "/home/work/xiaoyu/fairseq/fairseq/tasks/translation_multi_simple_epoch.py", line 168, in load_dataset
    **kwargs,
  File "/home/work/xiaoyu/fairseq/fairseq/data/multilingual/multilingual_data_manager.py", line 1126, in load_dataset
    split, training, epoch, combine, shard_epoch, **kwargs
  File "/home/work/xiaoyu/fairseq/fairseq/data/multilingual/multilingual_data_manager.py", line 1102, in load_sampled_multi_dataset
    split, training, epoch, combine, shard_epoch=shard_epoch, **kwargs
  File "/home/work/xiaoyu/fairseq/fairseq/data/multilingual/multilingual_data_manager.py", line 1042, in load_split_datasets
    split, epoch, shard_epoch=shard_epoch
  File "/home/work/xiaoyu/fairseq/fairseq/data/multilingual/multilingual_data_manager.py", line 955, in get_split_data_param_list
    paths, epoch, shard_epoch, split_num_shards_dict[key]
KeyError: 'main:en-fr'
cat: results/gen_out_fr: No such file or directory
bash_scripts/translate_m2m_only.sh: line 38: results/hyp_fr: No such file or directory
